  cryptographicUtils.h
  main.cpp
  fileUtils.h
  Generating Code...
main.obj : error LNK2005: "class std::basic_string<char,struct std::char_traits<char>,class std::allocator<char> > __cdecl decrytCipherText(class std::basic_string<char,struct std::char_traits<char>,class std::allocator<char> >,class CryptoPP::SecBlock<unsigned char,class CryptoPP::AllocatorWithCleanup<unsigned char,0> >,class CryptoPP::SecBlock<unsigned char,class CryptoPP::AllocatorWithCleanup<unsigned char,0> >)" (?decrytCipherText@@YA?AV?$basic_string@DU?$char_traits@D@std@@V?$allocator@D@2@@std@@V12@V?$SecBlock@EV?$AllocatorWithCleanup@E$0A@@CryptoPP@@@CryptoPP@@1@Z) already defined in cryptographicUtils.obj
main.obj : error LNK2005: "class std::basic_string<char,struct std::char_traits<char>,class std::allocator<char> > __cdecl encrytPlainText(class std::basic_string<char,struct std::char_traits<char>,class std::allocator<char> >,class CryptoPP::SecBlock<unsigned char,class CryptoPP::AllocatorWithCleanup<unsigned char,0> >,class CryptoPP::SecBlock<unsigned char,class CryptoPP::AllocatorWithCleanup<unsigned char,0> >)" (?encrytPlainText@@YA?AV?$basic_string@DU?$char_traits@D@std@@V?$allocator@D@2@@std@@V12@V?$SecBlock@EV?$AllocatorWithCleanup@E$0A@@CryptoPP@@@CryptoPP@@1@Z) already defined in cryptographicUtils.obj
main.obj : error LNK2005: "class CryptoPP::SecBlock<unsigned char,class CryptoPP::AllocatorWithCleanup<unsigned char,0> > __cdecl generateKey(class std::basic_string<char,struct std::char_traits<char>,class std::allocator<char> >)" (?generateKey@@YA?AV?$SecBlock@EV?$AllocatorWithCleanup@E$0A@@CryptoPP@@@CryptoPP@@V?$basic_string@DU?$char_traits@D@std@@V?$allocator@D@2@@std@@@Z) already defined in cryptographicUtils.obj
main.obj : error LNK2005: "class CryptoPP::SecBlock<unsigned char,class CryptoPP::AllocatorWithCleanup<unsigned char,0> > __cdecl generateRandomKey(int)" (?generateRandomKey@@YA?AV?$SecBlock@EV?$AllocatorWithCleanup@E$0A@@CryptoPP@@@CryptoPP@@H@Z) already defined in cryptographicUtils.obj
main.obj : error LNK2005: "class CryptoPP::SecBlock<unsigned char,class CryptoPP::AllocatorWithCleanup<unsigned char,0> > __cdecl generateRandomSalt(int)" (?generateRandomSalt@@YA?AV?$SecBlock@EV?$AllocatorWithCleanup@E$0A@@CryptoPP@@@CryptoPP@@H@Z) already defined in cryptographicUtils.obj
main.obj : error LNK2005: "class CryptoPP::SecBlock<unsigned char,class CryptoPP::AllocatorWithCleanup<unsigned char,0> > __cdecl generateSalt(class std::basic_string<char,struct std::char_traits<char>,class std::allocator<char> >)" (?generateSalt@@YA?AV?$SecBlock@EV?$AllocatorWithCleanup@E$0A@@CryptoPP@@@CryptoPP@@V?$basic_string@DU?$char_traits@D@std@@V?$allocator@D@2@@std@@@Z) already defined in cryptographicUtils.obj
cryptlib.lib(cryptlib.obj) : error LNK2038: mismatch detected for '_ITERATOR_DEBUG_LEVEL': value '0' doesn't match value '2' in cryptographicUtils.obj
cryptlib.lib(cryptlib.obj) : error LNK2038: mismatch detected for 'RuntimeLibrary': value 'MT_StaticRelease' doesn't match value 'MDd_DynamicDebug' in cryptographicUtils.obj
cryptlib.lib(filters.obj) : error LNK2038: mismatch detected for '_ITERATOR_DEBUG_LEVEL': value '0' doesn't match value '2' in cryptographicUtils.obj
cryptlib.lib(filters.obj) : error LNK2038: mismatch detected for 'RuntimeLibrary': value 'MT_StaticRelease' doesn't match value 'MDd_DynamicDebug' in cryptographicUtils.obj
cryptlib.lib(allocate.obj) : error LNK2038: mismatch detected for '_ITERATOR_DEBUG_LEVEL': value '0' doesn't match value '2' in cryptographicUtils.obj
cryptlib.lib(allocate.obj) : error LNK2038: mismatch detected for 'RuntimeLibrary': value 'MT_StaticRelease' doesn't match value 'MDd_DynamicDebug' in cryptographicUtils.obj
cryptlib.lib(rijndael.obj) : error LNK2038: mismatch detected for '_ITERATOR_DEBUG_LEVEL': value '0' doesn't match value '2' in cryptographicUtils.obj
cryptlib.lib(rijndael.obj) : error LNK2038: mismatch detected for 'RuntimeLibrary': value 'MT_StaticRelease' doesn't match value 'MDd_DynamicDebug' in cryptographicUtils.obj
cryptlib.lib(integer.obj) : error LNK2038: mismatch detected for '_ITERATOR_DEBUG_LEVEL': value '0' doesn't match value '2' in cryptographicUtils.obj
cryptlib.lib(integer.obj) : error LNK2038: mismatch detected for 'RuntimeLibrary': value 'MT_StaticRelease' doesn't match value 'MDd_DynamicDebug' in cryptographicUtils.obj
cryptlib.lib(algparam.obj) : error LNK2038: mismatch detected for '_ITERATOR_DEBUG_LEVEL': value '0' doesn't match value '2' in cryptographicUtils.obj
cryptlib.lib(algparam.obj) : error LNK2038: mismatch detected for 'RuntimeLibrary': value 'MT_StaticRelease' doesn't match value 'MDd_DynamicDebug' in cryptographicUtils.obj
cryptlib.lib(modes.obj) : error LNK2038: mismatch detected for '_ITERATOR_DEBUG_LEVEL': value '0' doesn't match value '2' in cryptographicUtils.obj
cryptlib.lib(modes.obj) : error LNK2038: mismatch detected for 'RuntimeLibrary': value 'MT_StaticRelease' doesn't match value 'MDd_DynamicDebug' in cryptographicUtils.obj
cryptlib.lib(randpool.obj) : error LNK2038: mismatch detected for '_ITERATOR_DEBUG_LEVEL': value '0' doesn't match value '2' in cryptographicUtils.obj
cryptlib.lib(randpool.obj) : error LNK2038: mismatch detected for 'RuntimeLibrary': value 'MT_StaticRelease' doesn't match value 'MDd_DynamicDebug' in cryptographicUtils.obj
cryptlib.lib(osrng.obj) : error LNK2038: mismatch detected for '_ITERATOR_DEBUG_LEVEL': value '0' doesn't match value '2' in cryptographicUtils.obj
cryptlib.lib(osrng.obj) : error LNK2038: mismatch detected for 'RuntimeLibrary': value 'MT_StaticRelease' doesn't match value 'MDd_DynamicDebug' in cryptographicUtils.obj
cryptlib.lib(scrypt.obj) : error LNK2038: mismatch detected for '_ITERATOR_DEBUG_LEVEL': value '0' doesn't match value '2' in cryptographicUtils.obj
cryptlib.lib(scrypt.obj) : error LNK2038: mismatch detected for 'RuntimeLibrary': value 'MT_StaticRelease' doesn't match value 'MDd_DynamicDebug' in cryptographicUtils.obj
cryptlib.lib(misc.obj) : error LNK2038: mismatch detected for '_ITERATOR_DEBUG_LEVEL': value '0' doesn't match value '2' in cryptographicUtils.obj
cryptlib.lib(misc.obj) : error LNK2038: mismatch detected for 'RuntimeLibrary': value 'MT_StaticRelease' doesn't match value 'MDd_DynamicDebug' in cryptographicUtils.obj
cryptlib.lib(queue.obj) : error LNK2038: mismatch detected for '_ITERATOR_DEBUG_LEVEL': value '0' doesn't match value '2' in cryptographicUtils.obj
cryptlib.lib(queue.obj) : error LNK2038: mismatch detected for 'RuntimeLibrary': value 'MT_StaticRelease' doesn't match value 'MDd_DynamicDebug' in cryptographicUtils.obj
cryptlib.lib(fips140.obj) : error LNK2038: mismatch detected for '_ITERATOR_DEBUG_LEVEL': value '0' doesn't match value '2' in cryptographicUtils.obj
cryptlib.lib(fips140.obj) : error LNK2038: mismatch detected for 'RuntimeLibrary': value 'MT_StaticRelease' doesn't match value 'MDd_DynamicDebug' in cryptographicUtils.obj
cryptlib.lib(pch.obj) : error LNK2038: mismatch detected for '_ITERATOR_DEBUG_LEVEL': value '0' doesn't match value '2' in cryptographicUtils.obj
cryptlib.lib(pch.obj) : error LNK2038: mismatch detected for 'RuntimeLibrary': value 'MT_StaticRelease' doesn't match value 'MDd_DynamicDebug' in cryptographicUtils.obj
cryptlib.lib(mqueue.obj) : error LNK2038: mismatch detected for '_ITERATOR_DEBUG_LEVEL': value '0' doesn't match value '2' in cryptographicUtils.obj
cryptlib.lib(mqueue.obj) : error LNK2038: mismatch detected for 'RuntimeLibrary': value 'MT_StaticRelease' doesn't match value 'MDd_DynamicDebug' in cryptographicUtils.obj
cryptlib.lib(cpu.obj) : error LNK2038: mismatch detected for '_ITERATOR_DEBUG_LEVEL': value '0' doesn't match value '2' in cryptographicUtils.obj
cryptlib.lib(cpu.obj) : error LNK2038: mismatch detected for 'RuntimeLibrary': value 'MT_StaticRelease' doesn't match value 'MDd_DynamicDebug' in cryptographicUtils.obj
cryptlib.lib(rijndael_simd.obj) : error LNK2038: mismatch detected for '_ITERATOR_DEBUG_LEVEL': value '0' doesn't match value '2' in cryptographicUtils.obj
cryptlib.lib(rijndael_simd.obj) : error LNK2038: mismatch detected for 'RuntimeLibrary': value 'MT_StaticRelease' doesn't match value 'MDd_DynamicDebug' in cryptographicUtils.obj
cryptlib.lib(rdtables.obj) : error LNK2038: mismatch detected for '_ITERATOR_DEBUG_LEVEL': value '0' doesn't match value '2' in cryptographicUtils.obj
cryptlib.lib(rdtables.obj) : error LNK2038: mismatch detected for 'RuntimeLibrary': value 'MT_StaticRelease' doesn't match value 'MDd_DynamicDebug' in cryptographicUtils.obj
cryptlib.lib(dll.obj) : error LNK2038: mismatch detected for '_ITERATOR_DEBUG_LEVEL': value '0' doesn't match value '2' in cryptographicUtils.obj
cryptlib.lib(dll.obj) : error LNK2038: mismatch detected for 'RuntimeLibrary': value 'MT_StaticRelease' doesn't match value 'MDd_DynamicDebug' in cryptographicUtils.obj
cryptlib.lib(nbtheory.obj) : error LNK2038: mismatch detected for '_ITERATOR_DEBUG_LEVEL': value '0' doesn't match value '2' in cryptographicUtils.obj
cryptlib.lib(nbtheory.obj) : error LNK2038: mismatch detected for 'RuntimeLibrary': value 'MT_StaticRelease' doesn't match value 'MDd_DynamicDebug' in cryptographicUtils.obj
cryptlib.lib(asn.obj) : error LNK2038: mismatch detected for '_ITERATOR_DEBUG_LEVEL': value '0' doesn't match value '2' in cryptographicUtils.obj
cryptlib.lib(asn.obj) : error LNK2038: mismatch detected for 'RuntimeLibrary': value 'MT_StaticRelease' doesn't match value 'MDd_DynamicDebug' in cryptographicUtils.obj
cryptlib.lib(pubkey.obj) : error LNK2038: mismatch detected for '_ITERATOR_DEBUG_LEVEL': value '0' doesn't match value '2' in cryptographicUtils.obj
cryptlib.lib(pubkey.obj) : error LNK2038: mismatch detected for 'RuntimeLibrary': value 'MT_StaticRelease' doesn't match value 'MDd_DynamicDebug' in cryptographicUtils.obj
cryptlib.lib(iterhash.obj) : error LNK2038: mismatch detected for '_ITERATOR_DEBUG_LEVEL': value '0' doesn't match value '2' in cryptographicUtils.obj
cryptlib.lib(iterhash.obj) : error LNK2038: mismatch detected for 'RuntimeLibrary': value 'MT_StaticRelease' doesn't match value 'MDd_DynamicDebug' in cryptographicUtils.obj
cryptlib.lib(sha.obj) : error LNK2038: mismatch detected for '_ITERATOR_DEBUG_LEVEL': value '0' doesn't match value '2' in cryptographicUtils.obj
cryptlib.lib(sha.obj) : error LNK2038: mismatch detected for 'RuntimeLibrary': value 'MT_StaticRelease' doesn't match value 'MDd_DynamicDebug' in cryptographicUtils.obj
cryptlib.lib(hrtimer.obj) : error LNK2038: mismatch detected for '_ITERATOR_DEBUG_LEVEL': value '0' doesn't match value '2' in cryptographicUtils.obj
cryptlib.lib(hrtimer.obj) : error LNK2038: mismatch detected for 'RuntimeLibrary': value 'MT_StaticRelease' doesn't match value 'MDd_DynamicDebug' in cryptographicUtils.obj
cryptlib.lib(hmac.obj) : error LNK2038: mismatch detected for '_ITERATOR_DEBUG_LEVEL': value '0' doesn't match value '2' in cryptographicUtils.obj
cryptlib.lib(hmac.obj) : error LNK2038: mismatch detected for 'RuntimeLibrary': value 'MT_StaticRelease' doesn't match value 'MDd_DynamicDebug' in cryptographicUtils.obj
cryptlib.lib(salsa.obj) : error LNK2038: mismatch detected for '_ITERATOR_DEBUG_LEVEL': value '0' doesn't match value '2' in cryptographicUtils.obj
cryptlib.lib(salsa.obj) : error LNK2038: mismatch detected for 'RuntimeLibrary': value 'MT_StaticRelease' doesn't match value 'MDd_DynamicDebug' in cryptographicUtils.obj
cryptlib.lib(sse_simd.obj) : error LNK2038: mismatch detected for '_ITERATOR_DEBUG_LEVEL': value '0' doesn't match value '2' in cryptographicUtils.obj
cryptlib.lib(sse_simd.obj) : error LNK2038: mismatch detected for 'RuntimeLibrary': value 'MT_StaticRelease' doesn't match value 'MDd_DynamicDebug' in cryptographicUtils.obj
cryptlib.lib(gfpcrypt.obj) : error LNK2038: mismatch detected for '_ITERATOR_DEBUG_LEVEL': value '0' doesn't match value '2' in cryptographicUtils.obj
cryptlib.lib(gfpcrypt.obj) : error LNK2038: mismatch detected for 'RuntimeLibrary': value 'MT_StaticRelease' doesn't match value 'MDd_DynamicDebug' in cryptographicUtils.obj
cryptlib.lib(gf2n.obj) : error LNK2038: mismatch detected for '_ITERATOR_DEBUG_LEVEL': value '0' doesn't match value '2' in cryptographicUtils.obj
cryptlib.lib(gf2n.obj) : error LNK2038: mismatch detected for 'RuntimeLibrary': value 'MT_StaticRelease' doesn't match value 'MDd_DynamicDebug' in cryptographicUtils.obj
cryptlib.lib(ec2n.obj) : error LNK2038: mismatch detected for '_ITERATOR_DEBUG_LEVEL': value '0' doesn't match value '2' in cryptographicUtils.obj
cryptlib.lib(ec2n.obj) : error LNK2038: mismatch detected for 'RuntimeLibrary': value 'MT_StaticRelease' doesn't match value 'MDd_DynamicDebug' in cryptographicUtils.obj
cryptlib.lib(ecp.obj) : error LNK2038: mismatch detected for '_ITERATOR_DEBUG_LEVEL': value '0' doesn't match value '2' in cryptographicUtils.obj
cryptlib.lib(ecp.obj) : error LNK2038: mismatch detected for 'RuntimeLibrary': value 'MT_StaticRelease' doesn't match value 'MDd_DynamicDebug' in cryptographicUtils.obj
cryptlib.lib(basecode.obj) : error LNK2038: mismatch detected for '_ITERATOR_DEBUG_LEVEL': value '0' doesn't match value '2' in cryptographicUtils.obj
cryptlib.lib(basecode.obj) : error LNK2038: mismatch detected for 'RuntimeLibrary': value 'MT_StaticRelease' doesn't match value 'MDd_DynamicDebug' in cryptographicUtils.obj
cryptlib.lib(hex.obj) : error LNK2038: mismatch detected for '_ITERATOR_DEBUG_LEVEL': value '0' doesn't match value '2' in cryptographicUtils.obj
cryptlib.lib(hex.obj) : error LNK2038: mismatch detected for 'RuntimeLibrary': value 'MT_StaticRelease' doesn't match value 'MDd_DynamicDebug' in cryptographicUtils.obj
cryptlib.lib(rng.obj) : error LNK2038: mismatch detected for '_ITERATOR_DEBUG_LEVEL': value '0' doesn't match value '2' in cryptographicUtils.obj
cryptlib.lib(rng.obj) : error LNK2038: mismatch detected for 'RuntimeLibrary': value 'MT_StaticRelease' doesn't match value 'MDd_DynamicDebug' in cryptographicUtils.obj
cryptlib.lib(sha_simd.obj) : error LNK2038: mismatch detected for '_ITERATOR_DEBUG_LEVEL': value '0' doesn't match value '2' in cryptographicUtils.obj
cryptlib.lib(sha_simd.obj) : error LNK2038: mismatch detected for 'RuntimeLibrary': value 'MT_StaticRelease' doesn't match value 'MDd_DynamicDebug' in cryptographicUtils.obj
cryptlib.lib(gf2n_simd.obj) : error LNK2038: mismatch detected for '_ITERATOR_DEBUG_LEVEL': value '0' doesn't match value '2' in cryptographicUtils.obj
cryptlib.lib(gf2n_simd.obj) : error LNK2038: mismatch detected for 'RuntimeLibrary': value 'MT_StaticRelease' doesn't match value 'MDd_DynamicDebug' in cryptographicUtils.obj
cryptlib.lib(sosemanuk.obj) : error LNK2038: mismatch detected for '_ITERATOR_DEBUG_LEVEL': value '0' doesn't match value '2' in cryptographicUtils.obj
cryptlib.lib(sosemanuk.obj) : error LNK2038: mismatch detected for 'RuntimeLibrary': value 'MT_StaticRelease' doesn't match value 'MDd_DynamicDebug' in cryptographicUtils.obj
cryptlib.lib(serpent.obj) : error LNK2038: mismatch detected for '_ITERATOR_DEBUG_LEVEL': value '0' doesn't match value '2' in cryptographicUtils.obj
cryptlib.lib(serpent.obj) : error LNK2038: mismatch detected for 'RuntimeLibrary': value 'MT_StaticRelease' doesn't match value 'MDd_DynamicDebug' in cryptographicUtils.obj
msvcprtd.lib(MSVCP140D.dll) : error LNK2005: "public: virtual __cdecl std::basic_streambuf<char,struct std::char_traits<char> >::~basic_streambuf<char,struct std::char_traits<char> >(void)" (??1?$basic_streambuf@DU?$char_traits@D@std@@@std@@UEAA@XZ) already defined in cryptlib.lib(scrypt.obj)
msvcprtd.lib(MSVCP140D.dll) : error LNK2005: "public: virtual __cdecl std::basic_ios<char,struct std::char_traits<char> >::~basic_ios<char,struct std::char_traits<char> >(void)" (??1?$basic_ios@DU?$char_traits@D@std@@@std@@UEAA@XZ) already defined in cryptlib.lib(scrypt.obj)
msvcprtd.lib(MSVCP140D.dll) : error LNK2005: "public: virtual __cdecl std::basic_ostream<char,struct std::char_traits<char> >::~basic_ostream<char,struct std::char_traits<char> >(void)" (??1?$basic_ostream@DU?$char_traits@D@std@@@std@@UEAA@XZ) already defined in cryptlib.lib(scrypt.obj)
msvcprtd.lib(MSVCP140D.dll) : error LNK2005: "public: void __cdecl std::basic_ostream<char,struct std::char_traits<char> >::_Osfx(void)" (?_Osfx@?$basic_ostream@DU?$char_traits@D@std@@@std@@QEAAXXZ) already defined in cryptlib.lib(integer.obj)
msvcprtd.lib(MSVCP140D.dll) : error LNK2005: "public: class std::basic_ostream<char,struct std::char_traits<char> > & __cdecl std::basic_ostream<char,struct std::char_traits<char> >::operator<<(int)" (??6?$basic_ostream@DU?$char_traits@D@std@@@std@@QEAAAEAV01@H@Z) already defined in cryptlib.lib(scrypt.obj)
msvcprtd.lib(MSVCP140D.dll) : error LNK2005: "public: class std::basic_ostream<char,struct std::char_traits<char> > & __cdecl std::basic_ostream<char,struct std::char_traits<char> >::flush(void)" (?flush@?$basic_ostream@DU?$char_traits@D@std@@@std@@QEAAAEAV12@XZ) already defined in cryptlib.lib(integer.obj)
libcpmt.lib(locale0.obj) : error LNK2038: mismatch detected for '_ITERATOR_DEBUG_LEVEL': value '0' doesn't match value '2' in cryptographicUtils.obj
libcpmt.lib(locale0.obj) : error LNK2038: mismatch detected for 'RuntimeLibrary': value 'MT_StaticRelease' doesn't match value 'MDd_DynamicDebug' in cryptographicUtils.obj
libcpmt.lib(locale0.obj) : error LNK2005: "void __cdecl std::_Facet_Register(class std::_Facet_base *)" (?_Facet_Register@std@@YAXPEAV_Facet_base@1@@Z) already defined in msvcprtd.lib(locale0_implib.obj)
libcpmt.lib(locale0.obj) : error LNK2005: "private: static class std::locale::_Locimp * __cdecl std::locale::_Getgloballocale(void)" (?_Getgloballocale@locale@std@@CAPEAV_Locimp@12@XZ) already defined in msvcprtd.lib(MSVCP140D.dll)
libcpmt.lib(locale0.obj) : error LNK2005: "private: static class std::locale::_Locimp * __cdecl std::locale::_Init(bool)" (?_Init@locale@std@@CAPEAV_Locimp@12@_N@Z) already defined in msvcprtd.lib(MSVCP140D.dll)
libcpmt.lib(locale0.obj) : error LNK2005: "public: static void __cdecl std::_Locinfo::_Locinfo_ctor(class std::_Locinfo *,char const *)" (?_Locinfo_ctor@_Locinfo@std@@SAXPEAV12@PEBD@Z) already defined in msvcprtd.lib(MSVCP140D.dll)
libcpmt.lib(locale0.obj) : error LNK2005: "public: static void __cdecl std::_Locinfo::_Locinfo_dtor(class std::_Locinfo *)" (?_Locinfo_dtor@_Locinfo@std@@SAXPEAV12@@Z) already defined in msvcprtd.lib(MSVCP140D.dll)
libcpmt.lib(locale.obj) : error LNK2038: mismatch detected for '_ITERATOR_DEBUG_LEVEL': value '0' doesn't match value '2' in cryptographicUtils.obj
libcpmt.lib(locale.obj) : error LNK2038: mismatch detected for 'RuntimeLibrary': value 'MT_StaticRelease' doesn't match value 'MDd_DynamicDebug' in cryptographicUtils.obj
libcpmt.lib(locale.obj) : error LNK2005: "protected: char * __cdecl std::basic_streambuf<char,struct std::char_traits<char> >::_Pninc(void)" (?_Pninc@?$basic_streambuf@DU?$char_traits@D@std@@@std@@IEAAPEADXZ) already defined in msvcprtd.lib(MSVCP140D.dll)
libcpmt.lib(locale.obj) : error LNK2005: "public: int __cdecl std::ios_base::flags(void)const " (?flags@ios_base@std@@QEBAHXZ) already defined in msvcprtd.lib(MSVCP140D.dll)
libcpmt.lib(locale.obj) : error LNK2005: "protected: char * __cdecl std::basic_streambuf<char,struct std::char_traits<char> >::gptr(void)const " (?gptr@?$basic_streambuf@DU?$char_traits@D@std@@@std@@IEBAPEADXZ) already defined in msvcprtd.lib(MSVCP140D.dll)
libcpmt.lib(locale.obj) : error LNK2005: "public: int __cdecl std::basic_streambuf<char,struct std::char_traits<char> >::sputc(char)" (?sputc@?$basic_streambuf@DU?$char_traits@D@std@@@std@@QEAAHD@Z) already defined in msvcprtd.lib(MSVCP140D.dll)
libcpmt.lib(locale.obj) : error LNK2005: "public: __int64 __cdecl std::ios_base::width(__int64)" (?width@ios_base@std@@QEAA_J_J@Z) already defined in msvcprtd.lib(MSVCP140D.dll)
libcpmt.lib(locale.obj) : error LNK2005: "public: __int64 __cdecl std::ios_base::width(void)const " (?width@ios_base@std@@QEBA_JXZ) already defined in msvcprtd.lib(MSVCP140D.dll)
libcpmt.lib(iosptrs.obj) : error LNK2038: mismatch detected for '_ITERATOR_DEBUG_LEVEL': value '0' doesn't match value '2' in cryptographicUtils.obj
libcpmt.lib(iosptrs.obj) : error LNK2038: mismatch detected for 'RuntimeLibrary': value 'MT_StaticRelease' doesn't match value 'MDd_DynamicDebug' in cryptographicUtils.obj
libcpmt.lib(wlocale.obj) : error LNK2038: mismatch detected for '_ITERATOR_DEBUG_LEVEL': value '0' doesn't match value '2' in cryptographicUtils.obj
libcpmt.lib(wlocale.obj) : error LNK2038: mismatch detected for 'RuntimeLibrary': value 'MT_StaticRelease' doesn't match value 'MDd_DynamicDebug' in cryptographicUtils.obj
libcpmt.lib(wlocale.obj) : error LNK2005: "public: int __cdecl std::ios_base::flags(void)const " (?flags@ios_base@std@@QEBAHXZ) already defined in msvcprtd.lib(MSVCP140D.dll)
libcpmt.lib(wlocale.obj) : error LNK2005: "public: __int64 __cdecl std::ios_base::width(__int64)" (?width@ios_base@std@@QEAA_J_J@Z) already defined in msvcprtd.lib(MSVCP140D.dll)
libcpmt.lib(wlocale.obj) : error LNK2005: "public: __int64 __cdecl std::ios_base::width(void)const " (?width@ios_base@std@@QEBA_JXZ) already defined in msvcprtd.lib(MSVCP140D.dll)
libcpmt.lib(xlocale.obj) : error LNK2038: mismatch detected for '_ITERATOR_DEBUG_LEVEL': value '0' doesn't match value '2' in cryptographicUtils.obj
libcpmt.lib(xlocale.obj) : error LNK2038: mismatch detected for 'RuntimeLibrary': value 'MT_StaticRelease' doesn't match value 'MDd_DynamicDebug' in cryptographicUtils.obj
libcpmt.lib(xlocale.obj) : error LNK2005: "protected: char * __cdecl std::basic_streambuf<char,struct std::char_traits<char> >::_Pninc(void)" (?_Pninc@?$basic_streambuf@DU?$char_traits@D@std@@@std@@IEAAPEADXZ) already defined in msvcprtd.lib(MSVCP140D.dll)
libcpmt.lib(xlocale.obj) : error LNK2005: "public: int __cdecl std::ios_base::flags(void)const " (?flags@ios_base@std@@QEBAHXZ) already defined in msvcprtd.lib(MSVCP140D.dll)
libcpmt.lib(xlocale.obj) : error LNK2005: "protected: char * __cdecl std::basic_streambuf<char,struct std::char_traits<char> >::gptr(void)const " (?gptr@?$basic_streambuf@DU?$char_traits@D@std@@@std@@IEBAPEADXZ) already defined in msvcprtd.lib(MSVCP140D.dll)
libcpmt.lib(xlocale.obj) : error LNK2005: "public: int __cdecl std::basic_streambuf<char,struct std::char_traits<char> >::sputc(char)" (?sputc@?$basic_streambuf@DU?$char_traits@D@std@@@std@@QEAAHD@Z) already defined in msvcprtd.lib(MSVCP140D.dll)
libcpmt.lib(xlocale.obj) : error LNK2005: "public: __int64 __cdecl std::ios_base::width(__int64)" (?width@ios_base@std@@QEAA_J_J@Z) already defined in msvcprtd.lib(MSVCP140D.dll)
libcpmt.lib(xlocale.obj) : error LNK2005: "public: __int64 __cdecl std::ios_base::width(void)const " (?width@ios_base@std@@QEBA_JXZ) already defined in msvcprtd.lib(MSVCP140D.dll)
libcpmt.lib(xstol.obj) : error LNK2038: mismatch detected for '_ITERATOR_DEBUG_LEVEL': value '0' doesn't match value '2' in cryptographicUtils.obj
libcpmt.lib(xstol.obj) : error LNK2038: mismatch detected for 'RuntimeLibrary': value 'MT_StaticRelease' doesn't match value 'MDd_DynamicDebug' in cryptographicUtils.obj
libcpmt.lib(xstoul.obj) : error LNK2038: mismatch detected for '_ITERATOR_DEBUG_LEVEL': value '0' doesn't match value '2' in cryptographicUtils.obj
libcpmt.lib(xstoul.obj) : error LNK2038: mismatch detected for 'RuntimeLibrary': value 'MT_StaticRelease' doesn't match value 'MDd_DynamicDebug' in cryptographicUtils.obj
libcpmt.lib(xstoll.obj) : error LNK2038: mismatch detected for '_ITERATOR_DEBUG_LEVEL': value '0' doesn't match value '2' in cryptographicUtils.obj
libcpmt.lib(xstoll.obj) : error LNK2038: mismatch detected for 'RuntimeLibrary': value 'MT_StaticRelease' doesn't match value 'MDd_DynamicDebug' in cryptographicUtils.obj
libcpmt.lib(xstoull.obj) : error LNK2038: mismatch detected for '_ITERATOR_DEBUG_LEVEL': value '0' doesn't match value '2' in cryptographicUtils.obj
libcpmt.lib(xstoull.obj) : error LNK2038: mismatch detected for 'RuntimeLibrary': value 'MT_StaticRelease' doesn't match value 'MDd_DynamicDebug' in cryptographicUtils.obj
libcpmt.lib(xlock.obj) : error LNK2038: mismatch detected for '_ITERATOR_DEBUG_LEVEL': value '0' doesn't match value '2' in cryptographicUtils.obj
libcpmt.lib(xlock.obj) : error LNK2038: mismatch detected for 'RuntimeLibrary': value 'MT_StaticRelease' doesn't match value 'MDd_DynamicDebug' in cryptographicUtils.obj
libcpmt.lib(xlock.obj) : error LNK2005: "public: __cdecl std::_Lockit::_Lockit(int)" (??0_Lockit@std@@QEAA@H@Z) already defined in msvcprtd.lib(MSVCP140D.dll)
libcpmt.lib(xlock.obj) : error LNK2005: "public: __cdecl std::_Lockit::~_Lockit(void)" (??1_Lockit@std@@QEAA@XZ) already defined in msvcprtd.lib(MSVCP140D.dll)
libcpmt.lib(xstrcoll.obj) : error LNK2038: mismatch detected for '_ITERATOR_DEBUG_LEVEL': value '0' doesn't match value '2' in cryptographicUtils.obj
libcpmt.lib(xstrcoll.obj) : error LNK2038: mismatch detected for 'RuntimeLibrary': value 'MT_StaticRelease' doesn't match value 'MDd_DynamicDebug' in cryptographicUtils.obj
libcpmt.lib(xdateord.obj) : error LNK2038: mismatch detected for '_ITERATOR_DEBUG_LEVEL': value '0' doesn't match value '2' in cryptographicUtils.obj
libcpmt.lib(xdateord.obj) : error LNK2038: mismatch detected for 'RuntimeLibrary': value 'MT_StaticRelease' doesn't match value 'MDd_DynamicDebug' in cryptographicUtils.obj
libcpmt.lib(xmbtowc.obj) : error LNK2038: mismatch detected for '_ITERATOR_DEBUG_LEVEL': value '0' doesn't match value '2' in cryptographicUtils.obj
libcpmt.lib(xmbtowc.obj) : error LNK2038: mismatch detected for 'RuntimeLibrary': value 'MT_StaticRelease' doesn't match value 'MDd_DynamicDebug' in cryptographicUtils.obj
libcpmt.lib(xwctomb.obj) : error LNK2038: mismatch detected for '_ITERATOR_DEBUG_LEVEL': value '0' doesn't match value '2' in cryptographicUtils.obj
libcpmt.lib(xwctomb.obj) : error LNK2038: mismatch detected for 'RuntimeLibrary': value 'MT_StaticRelease' doesn't match value 'MDd_DynamicDebug' in cryptographicUtils.obj
libcpmt.lib(xwctomb.obj) : error LNK2005: _Getcvt already defined in msvcprtd.lib(MSVCP140D.dll)
libcpmt.lib(xwcscoll.obj) : error LNK2038: mismatch detected for '_ITERATOR_DEBUG_LEVEL': value '0' doesn't match value '2' in cryptographicUtils.obj
libcpmt.lib(xwcscoll.obj) : error LNK2038: mismatch detected for 'RuntimeLibrary': value 'MT_StaticRelease' doesn't match value 'MDd_DynamicDebug' in cryptographicUtils.obj
libcpmt.lib(xwcsxfrm.obj) : error LNK2038: mismatch detected for '_ITERATOR_DEBUG_LEVEL': value '0' doesn't match value '2' in cryptographicUtils.obj
libcpmt.lib(xwcsxfrm.obj) : error LNK2038: mismatch detected for 'RuntimeLibrary': value 'MT_StaticRelease' doesn't match value 'MDd_DynamicDebug' in cryptographicUtils.obj
libcpmt.lib(xgetwctype.obj) : error LNK2038: mismatch detected for '_ITERATOR_DEBUG_LEVEL': value '0' doesn't match value '2' in cryptographicUtils.obj
libcpmt.lib(xgetwctype.obj) : error LNK2038: mismatch detected for 'RuntimeLibrary': value 'MT_StaticRelease' doesn't match value 'MDd_DynamicDebug' in cryptographicUtils.obj
libcpmt.lib(xtowlower.obj) : error LNK2038: mismatch detected for '_ITERATOR_DEBUG_LEVEL': value '0' doesn't match value '2' in cryptographicUtils.obj
libcpmt.lib(xtowlower.obj) : error LNK2038: mismatch detected for 'RuntimeLibrary': value 'MT_StaticRelease' doesn't match value 'MDd_DynamicDebug' in cryptographicUtils.obj
libcpmt.lib(xtowupper.obj) : error LNK2038: mismatch detected for '_ITERATOR_DEBUG_LEVEL': value '0' doesn't match value '2' in cryptographicUtils.obj
libcpmt.lib(xtowupper.obj) : error LNK2038: mismatch detected for 'RuntimeLibrary': value 'MT_StaticRelease' doesn't match value 'MDd_DynamicDebug' in cryptographicUtils.obj
libcpmt.lib(xstrxfrm.obj) : error LNK2038: mismatch detected for '_ITERATOR_DEBUG_LEVEL': value '0' doesn't match value '2' in cryptographicUtils.obj
libcpmt.lib(xstrxfrm.obj) : error LNK2038: mismatch detected for 'RuntimeLibrary': value 'MT_StaticRelease' doesn't match value 'MDd_DynamicDebug' in cryptographicUtils.obj
libcpmt.lib(xmtx.obj) : error LNK2038: mismatch detected for '_ITERATOR_DEBUG_LEVEL': value '0' doesn't match value '2' in cryptographicUtils.obj
libcpmt.lib(xmtx.obj) : error LNK2038: mismatch detected for 'RuntimeLibrary': value 'MT_StaticRelease' doesn't match value 'MDd_DynamicDebug' in cryptographicUtils.obj
libcpmt.lib(StlCompareStringA.obj) : error LNK2038: mismatch detected for '_ITERATOR_DEBUG_LEVEL': value '0' doesn't match value '2' in cryptographicUtils.obj
libcpmt.lib(StlCompareStringA.obj) : error LNK2038: mismatch detected for 'RuntimeLibrary': value 'MT_StaticRelease' doesn't match value 'MDd_DynamicDebug' in cryptographicUtils.obj
libcpmt.lib(StlCompareStringW.obj) : error LNK2038: mismatch detected for '_ITERATOR_DEBUG_LEVEL': value '0' doesn't match value '2' in cryptographicUtils.obj
libcpmt.lib(StlCompareStringW.obj) : error LNK2038: mismatch detected for 'RuntimeLibrary': value 'MT_StaticRelease' doesn't match value 'MDd_DynamicDebug' in cryptographicUtils.obj
libcpmt.lib(StlLCMapStringW.obj) : error LNK2038: mismatch detected for '_ITERATOR_DEBUG_LEVEL': value '0' doesn't match value '2' in cryptographicUtils.obj
libcpmt.lib(StlLCMapStringW.obj) : error LNK2038: mismatch detected for 'RuntimeLibrary': value 'MT_StaticRelease' doesn't match value 'MDd_DynamicDebug' in cryptographicUtils.obj
libcpmt.lib(StlLCMapStringA.obj) : error LNK2038: mismatch detected for '_ITERATOR_DEBUG_LEVEL': value '0' doesn't match value '2' in cryptographicUtils.obj
libcpmt.lib(StlLCMapStringA.obj) : error LNK2038: mismatch detected for 'RuntimeLibrary': value 'MT_StaticRelease' doesn't match value 'MDd_DynamicDebug' in cryptographicUtils.obj
LINK : warning LNK4098: defaultlib 'LIBCMT' conflicts with use of other libs; use /NODEFAULTLIB:library
C:\Users\2022\Desktop\Projects\c++\DiskEncryptionUtility\x64\Debug\DiskEncryptionUtility.exe : fatal error LNK1169: one or more multiply defined symbols found
